<?xml version="1.0" encoding="UTF-8"?>
<testsuite xmlns:xsi="http://www.w3.org/2001/XMLSchema-instance" xsi:noNamespaceSchemaLocation="https://maven.apache.org/surefire/maven-surefire-plugin/xsd/surefire-test-report-3.0.xsd" version="3.0" name="snakegametest.ThreadsControllerTest" time="0.067" tests="5" errors="5" skipped="0" failures="0">
  <properties>
[...]
</properties>
  <testcase name="testCheckCollision" classname="snakegametest.ThreadsControllerTest" time="0.042">
    <error type="java.lang.NullPointerException"><![CDATA[java.lang.NullPointerException
	at snakegametest.ThreadsControllerTest.testCheckCollision(ThreadsControllerTest.java:113)
]]></error>
  </testcase>
  <testcase name="testGetValAleaNotInSnake" classname="snakegametest.ThreadsControllerTest" time="0">
    <error type="java.lang.NullPointerException"><![CDATA[java.lang.NullPointerException
	at snakegametest.ThreadsControllerTest.testGetValAleaNotInSnake(ThreadsControllerTest.java:81)
]]></error>
  </testcase>
  <testcase name="testDeleteTail" classname="snakegametest.ThreadsControllerTest" time="0">
    <error type="java.lang.NullPointerException"><![CDATA[java.lang.NullPointerException
	at snakegametest.ThreadsControllerTest.testDeleteTail(ThreadsControllerTest.java:43)
]]></error>
  </testcase>
  <testcase name="testMoveInterne1" classname="snakegametest.ThreadsControllerTest" time="0">
    <error type="java.lang.NullPointerException"><![CDATA[java.lang.NullPointerException
	at snakegametest.ThreadsControllerTest.testMoveInterne1(ThreadsControllerTest.java:21)
]]></error>
  </testcase>
  <testcase name="testMoveInterne2" classname="snakegametest.ThreadsControllerTest" time="0">
    <error type="java.lang.NullPointerException"><![CDATA[java.lang.NullPointerException
	at snakegametest.ThreadsControllerTest.testMoveInterne2(ThreadsControllerTest.java:33)
]]></error>
  </testcase>
</testsuite>